<?xml version="1.0" encoding="UTF-8"?>
<testsuites name="v0.1.2 Results" failures="12" tests="113">
    <testsuite name="Com.deque.axedevtoolsdemoapp:id/overlay View" package="v0.1.2 Results" timestamp="2021-05-21T17:52:51.006Z" failures="12" tests="113">
        <testcase name="CheckBoxName">
            <failure message="Views that have modifiable Values should get their name from a nearby Label." impact="moderate">Learn more about this issue: https://mobile-docs.deque.com/attest/android/checkbox-name.html

Guidelines:
WCAG 1.3.1

Properties:
 isVisibleToUser: true
 overridesAccessibilityDelegate: false
 labeledBy: null
 Visible Text: 
 className: android.widget.CheckBox
</failure>
        </testcase>
        <testcase name="CheckBoxName">
            <failure message="Views that have modifiable Values should get their name from a nearby Label." impact="moderate">Learn more about this issue: https://mobile-docs.deque.com/attest/android/checkbox-name.html

Guidelines:
WCAG 1.3.1

Properties:
 isVisibleToUser: true
 overridesAccessibilityDelegate: false
 labeledBy: null
 Visible Text: 
 className: android.widget.CheckBox
</failure>
        </testcase>
        <testcase name="CheckBoxName">
            <failure message="Views that have modifiable Values should get their name from a nearby Label." impact="moderate">Learn more about this issue: https://mobile-docs.deque.com/attest/android/checkbox-name.html

Guidelines:
WCAG 1.3.1

Properties:
 isVisibleToUser: true
 overridesAccessibilityDelegate: false
 labeledBy: null
 Visible Text: 
 className: android.widget.CheckBox
</failure>
        </testcase>
        <testcase name="CheckBoxName">
            <failure message="Views that have modifiable Values should get their name from a nearby Label." impact="moderate">Learn more about this issue: https://mobile-docs.deque.com/attest/android/checkbox-name.html

Guidelines:
WCAG 1.3.1

Properties:
 isVisibleToUser: true
 overridesAccessibilityDelegate: false
 labeledBy: null
 Visible Text: 
 className: android.widget.CheckBox
</failure>
        </testcase>
        <testcase name="CheckBoxName">
            <failure message="Views that have modifiable Values should get their name from a nearby Label." impact="moderate">Learn more about this issue: https://mobile-docs.deque.com/attest/android/checkbox-name.html

Guidelines:
WCAG 1.3.1

Properties:
 isVisibleToUser: true
 overridesAccessibilityDelegate: false
 labeledBy: null
 Visible Text: 
 className: android.widget.CheckBox
</failure>
        </testcase>
        <testcase name="CheckBoxName">
            <failure message="Views that have modifiable Values should get their name from a nearby Label." impact="moderate">Learn more about this issue: https://mobile-docs.deque.com/attest/android/checkbox-name.html

Guidelines:
WCAG 1.3.1

Properties:
 isVisibleToUser: true
 overridesAccessibilityDelegate: false
 labeledBy: null
 Visible Text: 
 className: android.widget.CheckBox
</failure>
        </testcase>
        <testcase name="CheckBoxName">
            <failure message="Views that have modifiable Values should get their name from a nearby Label." impact="moderate">Learn more about this issue: https://mobile-docs.deque.com/attest/android/checkbox-name.html

Guidelines:
WCAG 1.3.1

Properties:
 isVisibleToUser: true
 overridesAccessibilityDelegate: false
 labeledBy: null
 Visible Text: 
 className: android.widget.CheckBox
</failure>
        </testcase>
        <testcase name="CheckBoxName">
            <failure message="Views that have modifiable Values should get their name from a nearby Label." impact="moderate">Learn more about this issue: https://mobile-docs.deque.com/attest/android/checkbox-name.html

Guidelines:
WCAG 1.3.1

Properties:
 isVisibleToUser: true
 overridesAccessibilityDelegate: false
 labeledBy: null
 Visible Text: 
 className: android.widget.CheckBox
</failure>
        </testcase>
        <testcase name="TouchSizeWcag">
            <failure message="Active views adhere to WCAG Touch Target Size requirements." impact="moderate">Learn more about this issue: https://mobile-docs.deque.com/attest/android/android-touch-target-size.html

Guidelines:
WCAG 2.1

Properties:
 isRendered: false
 measuredWidth: 176
 Screen Dots Per Inch: 3.5
 Screen Width: 1440
 className: com.google.android.material.textview.MaterialTextView
 isActive: true
 isVisibleToUser: true
 overridesAccessibilityDelegate: false
 measuredHeight: 76
 isOffScreen: false
 width: 176
 isPartiallyVisible: false
 Screen Height: 2392
 height: 76
</failure>
        </testcase>
        <testcase name="TouchSizeWcag">
            <failure message="Active views adhere to WCAG Touch Target Size requirements." impact="moderate">Learn more about this issue: https://mobile-docs.deque.com/attest/android/android-touch-target-size.html

Guidelines:
WCAG 2.1

Properties:
 isRendered: false
 measuredWidth: 179
 Screen Dots Per Inch: 3.5
 Screen Width: 1440
 className: com.google.android.material.textview.MaterialTextView
 isActive: true
 isVisibleToUser: true
 overridesAccessibilityDelegate: false
 measuredHeight: 76
 isOffScreen: false
 width: 179
 isPartiallyVisible: false
 Screen Height: 2392
 height: 76
</failure>
        </testcase>
        <testcase name="TouchSizeWcag">
            <failure message="Active views adhere to WCAG Touch Target Size requirements." impact="moderate">Learn more about this issue: https://mobile-docs.deque.com/attest/android/android-touch-target-size.html

Guidelines:
WCAG 2.1

Properties:
 isRendered: false
 measuredWidth: 204
 Screen Dots Per Inch: 3.5
 Screen Width: 1440
 className: com.google.android.material.textview.MaterialTextView
 isActive: true
 isVisibleToUser: true
 overridesAccessibilityDelegate: false
 measuredHeight: 76
 isOffScreen: false
 width: 204
 isPartiallyVisible: false
 Screen Height: 2392
 height: 76
</failure>
        </testcase>
        <testcase name="TouchSizeWcag">
            <failure message="Active views adhere to WCAG Touch Target Size requirements." impact="moderate">Learn more about this issue: https://mobile-docs.deque.com/attest/android/android-touch-target-size.html

Guidelines:
WCAG 2.1

Properties:
 isRendered: false
 measuredWidth: 207
 Screen Dots Per Inch: 3.5
 Screen Width: 1440
 className: com.google.android.material.textview.MaterialTextView
 isActive: true
 isVisibleToUser: true
 overridesAccessibilityDelegate: false
 measuredHeight: 76
 isOffScreen: false
 width: 207
 isPartiallyVisible: false
 Screen Height: 2392
 height: 76
</failure>
        </testcase>
    </testsuite>
</testsuites>