<?xml version="1.0" encoding="UTF-8"?>
<testsuites name="v0.1.2 Results" failures="9" tests="44">
    <testsuite name="Com.deque.axedevtoolsdemoapp:id/overlay View (1)" package="v0.1.2 Results" timestamp="2021-05-21T17:52:41.861Z" failures="9" tests="44">
        <testcase name="ActiveViewName">
            <failure message="Views that users can interact with must have a Name." impact="critical">Learn more about this issue: https://mobile-docs.deque.com/attest/android/active-view-name.html

Guidelines:
WCAG 1.1.1

Properties:
 Speakable Text: 
 isVisibleToUser: true
 overridesAccessibilityDelegate: false
 className: com.google.android.material.button.MaterialButton
 isActive: true
</failure>
        </testcase>
        <testcase name="ActiveViewName">
            <failure message="Views that users can interact with must have a Name." impact="critical">Learn more about this issue: https://mobile-docs.deque.com/attest/android/active-view-name.html

Guidelines:
WCAG 1.1.1

Properties:
 Speakable Text: 
 isVisibleToUser: true
 overridesAccessibilityDelegate: false
 className: com.google.android.material.button.MaterialButton
 isActive: true
</failure>
        </testcase>
        <testcase name="ActiveViewName">
            <failure message="Views that users can interact with must have a Name." impact="critical">Learn more about this issue: https://mobile-docs.deque.com/attest/android/active-view-name.html

Guidelines:
WCAG 1.1.1

Properties:
 Speakable Text: 
 isVisibleToUser: true
 overridesAccessibilityDelegate: false
 className: com.google.android.material.button.MaterialButton
 isActive: true
</failure>
        </testcase>
        <testcase name="ActiveViewName">
            <failure message="Views that users can interact with must have a Name." impact="critical">Learn more about this issue: https://mobile-docs.deque.com/attest/android/active-view-name.html

Guidelines:
WCAG 1.1.1

Properties:
 Speakable Text: 
 isVisibleToUser: true
 overridesAccessibilityDelegate: false
 className: com.google.android.material.button.MaterialButton
 isActive: true
</failure>
        </testcase>
        <testcase name="ActiveViewName">
            <failure message="Views that users can interact with must have a Name." impact="critical">Learn more about this issue: https://mobile-docs.deque.com/attest/android/active-view-name.html

Guidelines:
WCAG 1.1.1

Properties:
 Speakable Text: 
 isVisibleToUser: true
 overridesAccessibilityDelegate: false
 className: com.google.android.material.button.MaterialButton
 isActive: true
</failure>
        </testcase>
        <testcase name="MlButton">
            <failure message="A view that visually looks like and behaves like a button should be marked up as a button" impact="moderate">Learn more about this issue: https://mobile-docs.deque.com/attest/android/MlButton.html

Guidelines:
Best Practice

Properties:
 className: com.google.android.material.button.MaterialButton
 isActive: true
 predictions: [object Object]
 IOU: 0.7751955954796959
</failure>
        </testcase>
        <testcase name="MlButton">
            <failure message="A view that visually looks like and behaves like a button should be marked up as a button" impact="moderate">Learn more about this issue: https://mobile-docs.deque.com/attest/android/MlButton.html

Guidelines:
Best Practice

Properties:
 className: com.google.android.material.button.MaterialButton
 isActive: true
 predictions: [object Object]
 IOU: 0.737267582861907
</failure>
        </testcase>
        <testcase name="MlButton">
            <failure message="A view that visually looks like and behaves like a button should be marked up as a button" impact="moderate">Learn more about this issue: https://mobile-docs.deque.com/attest/android/MlButton.html

Guidelines:
Best Practice

Properties:
 className: com.google.android.material.button.MaterialButton
 isActive: true
 predictions: [object Object]
 IOU: 0.7251042149144643
</failure>
        </testcase>
        <testcase name="MlButton">
            <failure message="A view that visually looks like and behaves like a button should be marked up as a button" impact="moderate">Learn more about this issue: https://mobile-docs.deque.com/attest/android/MlButton.html

Guidelines:
Best Practice

Properties:
 className: com.google.android.material.button.MaterialButton
 isActive: true
 predictions: [object Object]
 IOU: 0.727248886665877
</failure>
        </testcase>
    </testsuite>
</testsuites>